<?xml version="1.0" encoding="UTF-8"?>
<testsuite name="com.demoqa.tests.PracticeFormDataFakerTests" tests="1" skipped="0" failures="0" errors="0" timestamp="2023-08-16T17:51:21" hostname="LAPTOP-KPB33R4E" time="14.145">
  <properties/>
  <testcase name="successfulFillFormTest()" classname="com.demoqa.tests.PracticeFormDataFakerTests" time="14.145"/>
  <system-out><![CDATA[]]></system-out>
  <system-err><![CDATA[SLF4J: No SLF4J providers were found.
SLF4J: Defaulting to no-operation (NOP) logger implementation
SLF4J: See https://www.slf4j.org/codes.html#noProviders for further details.
Starting ChromeDriver 114.0.5735.90 (386bc09e8f4f2e025eddae123f36f6263096ae49-refs/branch-heads/5735@{#1052}) on port 5291
Only local connections are allowed.
Please see https://chromedriver.chromium.org/security-considerations for suggestions on keeping ChromeDriver safe.
ChromeDriver was started successfully.
[1692208288.330][WARNING]: This version of ChromeDriver has not been tested with Chrome version 115.
???. 16, 2023 8:51:28 PM org.openqa.selenium.devtools.CdpVersionFinder findNearestMatch
WARNING: Unable to find CDP implementation matching 115
???. 16, 2023 8:51:28 PM org.openqa.selenium.chromium.ChromiumDriver lambda$new$3
WARNING: Unable to find version of CDP to use for . You may need to include a dependency on a specific version of the CDP using something similar to `org.seleniumhq.selenium:selenium-devtools-v86:4.8.1` where the version ("v86") matches the version of the chromium-based browser you're using and the version number of the artifact is the same as Selenium's.
]]></system-err>
</testsuite>
